2014-04-22 14:45:41,741 INFO  [Log] **************************************************************************************** 
2014-04-22 14:45:41,742 INFO  [Log] **************************************************************************************** 
2014-04-22 14:45:41,742 INFO  [Log] $$$$$$$$$$$$$$$$$$$$$                 Framework_001       $$$$$$$$$$$$$$$$$$$$$$$$$ 
2014-04-22 14:45:41,742 INFO  [Log] **************************************************************************************** 
2014-04-22 14:45:41,743 INFO  [Log] **************************************************************************************** 
2014-04-22 14:45:42,302 INFO  [Log] Excel sheet opened 
2014-04-22 14:45:42,302 INFO  [Log] Total number of Row used return as < 2 >. 
2014-04-22 14:45:59,257 INFO  [Log] New driver instantiated 
2014-04-22 14:45:59,358 INFO  [Log] Implicit wait applied on the driver for 10 seconds 
2014-04-22 14:46:12,211 INFO  [Log] Web application launched successfully 
2014-04-22 14:46:12,488 INFO  [Log] My Account link is found on the Home Page 
2014-04-22 14:46:12,588 INFO  [Log] Click action is performed on My Account link 
2014-04-22 14:46:17,885 INFO  [Log] Username text box is found on the Login Page 
2014-04-22 14:46:17,956 INFO  [Log] testuser_1 is entered in UserName text box 
2014-04-22 14:46:17,977 INFO  [Log] Password text box is found on the Login page 
2014-04-22 14:46:18,039 INFO  [Log] Test@123 is entered in Password text box 
2014-04-22 14:46:18,055 INFO  [Log] Submit button is found on the Login page 
2014-04-22 14:46:18,715 INFO  [Log] Click action is performed on Submit button 
2014-04-22 14:46:31,327 INFO  [Log] Log Out link is found on the Home Page 
2014-04-22 14:46:31,574 INFO  [Log] Product category link is found under Top Navigation 
2014-04-22 14:46:31,927 INFO  [Log] Accessories link is found under Product Category 
2014-04-22 14:46:32,006 INFO  [Log] Click action is performed on the selected Product Type 
2014-04-22 14:46:32,007 INFO  [Log] Product Type Accessories is selected from the Top menu 
2014-04-22 14:46:37,285 INFO  [Log] Add to Cart button is found for Product 2 
2014-04-22 14:46:37,458 INFO  [Log] Product 2 is selected from the Product listing page 
2014-04-22 14:46:38,517 INFO  [Log] Go to Cart button is found on the Cart Pop Up window 
2014-04-22 14:46:41,771 INFO  [Log] Product Name for purchased product is found on the Check Out Page 
2014-04-22 14:46:41,824 INFO  [Log] Product Price for purchased product is found on the Check Out Page 
2014-04-22 14:46:41,860 INFO  [Log] Continue button is found on the Check Out Page 
2014-04-22 14:46:41,957 INFO  [Log] Email text box on Payment Details page is found. 
2014-04-22 14:46:43,029 INFO  [Log] Email text box on Payment Details page is found. 
2014-04-22 14:46:43,108 INFO  [Log] tooolsqa@gmail.com is entered as First Name on the Payment detail page 
2014-04-22 14:46:43,126 INFO  [Log] First Name text box on Payment Details page is found. 
2014-04-22 14:46:43,201 INFO  [Log] First Name text box on Payment Details page is found. 
2014-04-22 14:46:43,356 INFO  [Log] Lakshay is entered as First Name on the Payment detail page 
2014-04-22 14:46:43,366 INFO  [Log] Last Name text box on Payment Details page is found. 
2014-04-22 14:46:43,453 INFO  [Log] Last Name text box on Payment Details page is found. 
2014-04-22 14:46:43,560 INFO  [Log] Sharma is entered as Last Name on the Payment detail page 
2014-04-22 14:46:43,568 INFO  [Log] Address text box on Payment Details page is found. 
2014-04-22 14:46:43,756 INFO  [Log] Address text box on Payment Details page is found. 
2014-04-22 14:46:44,151 INFO  [Log] 35, Marconi House, Walker Road is entered as Address on the Payment detail page 
2014-04-22 14:46:44,162 INFO  [Log] City text box on Payment Details page is found. 
2014-04-22 14:46:44,244 INFO  [Log] City text box on Payment Details page is found. 
2014-04-22 14:46:44,393 INFO  [Log] Newcastle is entered as City on the Payment detail page 
2014-04-22 14:46:44,509 INFO  [Log] Country dropdown on Payment Details page is found. 
2014-04-22 14:46:44,570 INFO  [Log] United Kingdom is Selected as Country on the Payment detail page 
2014-04-22 14:46:44,633 INFO  [Log] Phone text box on Payment Details page is found. 
2014-04-22 14:46:44,740 INFO  [Log] Phone text box on Payment Details page is found. 
2014-04-22 14:46:44,868 INFO  [Log] 07777777777 is entered as Phone on the Payment detail page 
2014-04-22 14:46:44,876 INFO  [Log] Same as Billing address check box on Payment Details page is found. 
2014-04-22 14:46:44,890 INFO  [Log] Purchase button on Payment Details page is found. 
2014-04-22 14:46:47,948 INFO  [Log] Click action is performed on Purchase button on the Payment detail page 
2014-04-22 14:46:47,959 INFO  [Log] Product name is found on the Confirmation Page 
2014-04-22 14:46:47,985 INFO  [Log] Product price is found on the Confirmation Page 
2014-04-22 14:46:48,185 INFO  [Log] XXXXXXXXXXXXXXXXXXXXXXX             -E---N---D-             XXXXXXXXXXXXXXXXXXXXXX 
2014-04-22 14:46:48,185 INFO  [Log] X 
2014-04-22 14:46:48,185 INFO  [Log] X 
2014-04-22 14:46:48,186 INFO  [Log] X 
2014-04-22 14:46:48,186 INFO  [Log] X 
2014-04-22 17:32:40,212 INFO  [Log] New driver instantiated 
2014-04-22 17:32:40,227 INFO  [Log] Implicit wait applied on the driver for 10 seconds 
2014-04-22 17:32:58,881 INFO  [Log] Web application launched 
2014-04-22 17:32:59,000 INFO  [Log] Click action performed on My Account link 
2014-04-22 17:35:15,781 INFO  [Log] New driver instantiated 
2014-04-22 17:35:15,799 INFO  [Log] Implicit wait applied on the driver for 10 seconds 
2014-04-22 17:35:33,430 INFO  [Log] Web application launched 
2014-04-22 17:35:33,539 INFO  [Log] Click action performed on My Account link 
2014-04-22 17:47:58,080 INFO  [Log] New driver instantiated 
2014-04-22 17:47:58,101 INFO  [Log] Implicit wait applied on the driver for 10 seconds 
2014-04-22 17:48:15,116 INFO  [Log] Web application launched 
2014-04-22 17:48:36,220 INFO  [Log] Click action performed on My Account link 
2014-04-22 17:48:37,787 INFO  [Log] Username entered in the Username text box 
2014-04-22 17:48:37,877 INFO  [Log] Password entered in the Password text box 
2014-04-22 17:48:38,576 INFO  [Log] Click action performed on Submit button 
2014-04-22 17:48:45,875 INFO  [Log] Click action performed on Log out link 
2014-04-22 17:48:46,110 INFO  [Log] Browser closed 
2014-09-10 16:14:03,875 INFO  [Log] **************************************************************************************** 
2014-09-10 16:14:03,892 INFO  [Log] **************************************************************************************** 
2014-09-10 16:14:03,892 INFO  [Log] $$$$$$$$$$$$$$$$$$$$$                 Framework_001       $$$$$$$$$$$$$$$$$$$$$$$$$ 
2014-09-10 16:14:03,892 INFO  [Log] **************************************************************************************** 
2014-09-10 16:14:03,892 INFO  [Log] **************************************************************************************** 
2014-09-10 16:17:34,615 INFO  [Log] **************************************************************************************** 
2014-09-10 16:17:34,616 INFO  [Log] **************************************************************************************** 
2014-09-10 16:17:34,616 INFO  [Log] $$$$$$$$$$$$$$$$$$$$$                 Framework_001       $$$$$$$$$$$$$$$$$$$$$$$$$ 
2014-09-10 16:17:34,616 INFO  [Log] **************************************************************************************** 
2014-09-10 16:17:34,616 INFO  [Log] **************************************************************************************** 
2014-09-10 16:18:14,613 INFO  [Log] **************************************************************************************** 
2014-09-10 16:18:14,613 INFO  [Log] **************************************************************************************** 
2014-09-10 16:18:14,613 INFO  [Log] $$$$$$$$$$$$$$$$$$$$$                 Framework_001       $$$$$$$$$$$$$$$$$$$$$$$$$ 
2014-09-10 16:18:14,613 INFO  [Log] **************************************************************************************** 
2014-09-10 16:18:14,613 INFO  [Log] **************************************************************************************** 
2014-09-10 16:21:18,070 INFO  [Log] **************************************************************************************** 
2014-09-10 16:21:18,070 INFO  [Log] **************************************************************************************** 
2014-09-10 16:21:18,070 INFO  [Log] $$$$$$$$$$$$$$$$$$$$$                 Framework_001       $$$$$$$$$$$$$$$$$$$$$$$$$ 
2014-09-10 16:21:18,070 INFO  [Log] **************************************************************************************** 
2014-09-10 16:21:18,070 INFO  [Log] **************************************************************************************** 
2014-09-10 16:22:01,892 INFO  [Log] **************************************************************************************** 
2014-09-10 16:22:01,893 INFO  [Log] **************************************************************************************** 
2014-09-10 16:22:01,893 INFO  [Log] $$$$$$$$$$$$$$$$$$$$$                 Framework_001       $$$$$$$$$$$$$$$$$$$$$$$$$ 
2014-09-10 16:22:01,893 INFO  [Log] **************************************************************************************** 
2014-09-10 16:22:01,893 INFO  [Log] **************************************************************************************** 
2014-09-10 16:22:35,362 INFO  [Log] **************************************************************************************** 
2014-09-10 16:22:35,362 INFO  [Log] **************************************************************************************** 
2014-09-10 16:22:35,362 INFO  [Log] $$$$$$$$$$$$$$$$$$$$$                 Framework_001       $$$$$$$$$$$$$$$$$$$$$$$$$ 
2014-09-10 16:22:35,362 INFO  [Log] **************************************************************************************** 
2014-09-10 16:22:35,362 INFO  [Log] **************************************************************************************** 
2014-09-10 16:22:37,643 INFO  [Log] Excel sheet opened 
2014-09-10 16:22:37,644 INFO  [Log] Total number of Row used return as < 2 >. 
2014-09-10 16:23:31,221 INFO  [Log] New driver instantiated 
2014-09-10 16:23:32,436 INFO  [Log] Implicit wait applied on the driver for 10 seconds 
2014-09-10 16:23:37,719 INFO  [Log] Web application launched successfully 
2014-09-10 16:23:58,322 ERROR [Log] My Acocunt link is not found on the Home Page 
2014-09-10 16:23:59,801 ERROR [Log] Class Utils | Method takeScreenshot | Exception occured while capturing ScreenShot : The device is not ready 
2014-09-10 16:23:59,878 INFO  [Log] XXXXXXXXXXXXXXXXXXXXXXX             -E---N---D-             XXXXXXXXXXXXXXXXXXXXXX 
2014-09-10 16:23:59,878 INFO  [Log] X 
2014-09-10 16:23:59,878 INFO  [Log] X 
2014-09-10 16:23:59,879 INFO  [Log] X 
2014-09-10 16:23:59,879 INFO  [Log] X 
2014-09-10 17:22:25,939 INFO  [Log] **************************************************************************************** 
2014-09-10 17:22:25,948 INFO  [Log] **************************************************************************************** 
2014-09-10 17:22:25,948 INFO  [Log] $$$$$$$$$$$$$$$$$$$$$                 Framework_001       $$$$$$$$$$$$$$$$$$$$$$$$$ 
2014-09-10 17:22:25,948 INFO  [Log] **************************************************************************************** 
2014-09-10 17:22:25,948 INFO  [Log] **************************************************************************************** 
2014-09-10 17:22:29,243 INFO  [Log] Excel sheet opened 
2014-09-10 17:22:29,243 INFO  [Log] Total number of Row used return as < 2 >. 
2014-09-10 17:23:14,873 INFO  [Log] New driver instantiated 
2014-09-10 17:23:15,167 INFO  [Log] Implicit wait applied on the driver for 10 seconds 
2014-09-10 17:23:42,324 INFO  [Log] Web application launched successfully 
2014-09-10 17:23:42,464 INFO  [Log] My Account link is found on the Home Page 
2014-09-10 17:23:42,896 INFO  [Log] Click action is perfromed on My Account link 
2014-09-10 17:23:47,493 INFO  [Log] Username text box is found on the Login Page 
2014-09-10 17:23:47,615 INFO  [Log] testuser_1 is entered in UserName text box 
2014-09-10 17:23:48,840 INFO  [Log] Password text box is found on the Login page 
2014-09-10 17:23:49,849 INFO  [Log] Test@123 is entered in Password text box 
2014-09-10 17:23:49,867 INFO  [Log] Submit button is found on the Login page 
2014-09-10 17:23:50,162 INFO  [Log] Click action is performed on Submit button 
2014-09-10 17:24:03,826 INFO  [Log] Log Out link is found on the Home Page 
2014-09-10 17:24:05,223 INFO  [Log] Product category link is found under Top Navigation 
2014-09-10 17:24:05,464 INFO  [Log] Accessories link is found under Product Category 
2014-09-10 17:24:05,671 INFO  [Log] Click action is performed on the selected Product Type 
2014-09-10 17:24:05,671 INFO  [Log] Product Type Accessories is selected from the Top menu 
2014-09-10 17:24:42,631 INFO  [Log] Add to Cart button is found for Product 2 
2014-09-10 17:24:47,234 INFO  [Log] Product 2 is selected from the Product listing page 
2014-09-10 17:24:52,553 INFO  [Log] Go to Cart button is found on the Cart Pop Up window 
2014-09-10 17:25:00,198 INFO  [Log] Product Name for purchased product is found on the Check Out Page 
2014-09-10 17:25:00,265 INFO  [Log] Product Price for purchased product is found on the Check Out Page 
2014-09-10 17:25:00,350 INFO  [Log] Continue button is found on the Check Out Page 
2014-09-10 17:25:04,499 INFO  [Log] Email text box on Payment Details page is found. 
2014-09-10 17:25:04,577 INFO  [Log] Email text box on Payment Details page is found. 
2014-09-10 17:25:04,699 INFO  [Log] tooolsqa@gmail.com is entered as First Name on the Payment detail page 
2014-09-10 17:25:06,985 INFO  [Log] First Name text box on Payment Details page is found. 
2014-09-10 17:25:07,129 INFO  [Log] First Name text box on Payment Details page is found. 
2014-09-10 17:25:07,295 INFO  [Log] Lakshay is entered as First Name on the Payment detail page 
2014-09-10 17:25:07,320 INFO  [Log] Last Name text box on Payment Details page is found. 
2014-09-10 17:25:07,403 INFO  [Log] Last Name text box on Payment Details page is found. 
2014-09-10 17:25:07,553 INFO  [Log] Sharma is entered as Last Name on the Payment detail page 
2014-09-10 17:25:07,574 INFO  [Log] Address text box on Payment Details page is found. 
2014-09-10 17:25:07,954 INFO  [Log] Address text box on Payment Details page is found. 
2014-09-10 17:25:08,439 INFO  [Log] 35, Marconi House, Walker Road is entered as Address on the Payment detail page 
2014-09-10 17:25:08,464 INFO  [Log] City text box on Payment Details page is found. 
2014-09-10 17:25:08,627 INFO  [Log] City text box on Payment Details page is found. 
2014-09-10 17:25:08,878 INFO  [Log] Newcastle is entered as City on the Payment detail page 
2014-09-10 17:25:08,949 INFO  [Log] Country dropdown on Payment Details page is found. 
2014-09-10 17:25:09,037 INFO  [Log] United Kingdom is Selected as Country on the Payment detail page 
2014-09-10 17:25:09,061 INFO  [Log] Phone text box on Payment Details page is found. 
2014-09-10 17:25:09,162 INFO  [Log] Phone text box on Payment Details page is found. 
2014-09-10 17:25:09,362 INFO  [Log] 07777777777 is entered as Phone on the Payment detail page 
2014-09-10 17:25:09,381 INFO  [Log] Same as Billing address check box on Payment Details page is found. 
2014-09-10 17:25:09,428 INFO  [Log] Purchase button on Payment Details page is found. 
2014-09-10 17:25:16,209 INFO  [Log] Click action is performed on Purchase button on the Payment detail page 
2014-09-10 17:25:16,353 INFO  [Log] Product name is found on the Confirmation Page 
2014-09-10 17:25:16,489 INFO  [Log] Product price is found on the Confirmation Page 
2014-09-10 17:25:19,092 ERROR [Log] Class Utils | Method takeScreenshot | Exception occured while capturing ScreenShot : The device is not ready 
2014-09-10 17:25:19,495 INFO  [Log] XXXXXXXXXXXXXXXXXXXXXXX             -E---N---D-             XXXXXXXXXXXXXXXXXXXXXX 
2014-09-10 17:25:19,495 INFO  [Log] X 
2014-09-10 17:25:19,495 INFO  [Log] X 
2014-09-10 17:25:19,495 INFO  [Log] X 
2014-09-10 17:25:19,495 INFO  [Log] X 
2014-09-10 17:34:04,476 INFO  [Log] **************************************************************************************** 
2014-09-10 17:34:04,476 INFO  [Log] **************************************************************************************** 
2014-09-10 17:34:04,477 INFO  [Log] $$$$$$$$$$$$$$$$$$$$$                 Framework_001       $$$$$$$$$$$$$$$$$$$$$$$$$ 
2014-09-10 17:34:04,477 INFO  [Log] **************************************************************************************** 
2014-09-10 17:34:04,477 INFO  [Log] **************************************************************************************** 
2014-09-10 17:34:05,779 INFO  [Log] Excel sheet opened 
2014-09-10 17:34:05,779 INFO  [Log] Total number of Row used return as < 2 >. 
2014-09-10 17:34:40,124 INFO  [Log] New driver instantiated 
2014-09-10 17:34:40,156 INFO  [Log] Implicit wait applied on the driver for 10 seconds 
2014-09-10 17:34:49,848 INFO  [Log] Web application launched successfully 
2014-09-10 17:34:49,938 INFO  [Log] My Account link is found on the Home Page 
2014-09-10 17:34:50,202 INFO  [Log] Click action is perfromed on My Account link 
2014-09-10 17:34:54,882 INFO  [Log] Username text box is found on the Login Page 
2014-09-10 17:34:54,959 INFO  [Log] testuser_1 is entered in UserName text box 
2014-09-10 17:34:54,977 INFO  [Log] Password text box is found on the Login page 
2014-09-10 17:34:55,054 INFO  [Log] Test@123 is entered in Password text box 
2014-09-10 17:34:55,075 INFO  [Log] Submit button is found on the Login page 
2014-09-10 17:34:56,123 INFO  [Log] Click action is performed on Submit button 
2014-09-10 17:35:09,255 INFO  [Log] Log Out link is found on the Home Page 
2014-09-10 17:35:10,745 INFO  [Log] Product category link is found under Top Navigation 
2014-09-10 17:35:10,894 INFO  [Log] Accessories link is found under Product Category 
2014-09-10 17:35:11,081 INFO  [Log] Click action is performed on the selected Product Type 
2014-09-10 17:35:11,081 INFO  [Log] Product Type Accessories is selected from the Top menu 
2014-09-10 17:35:18,288 INFO  [Log] Add to Cart button is found for Product 2 
2014-09-10 17:35:18,516 INFO  [Log] Product 2 is selected from the Product listing page 
2014-09-10 17:35:21,749 INFO  [Log] Go to Cart button is found on the Cart Pop Up window 
2014-09-10 17:35:28,757 INFO  [Log] Product Name for purchased product is found on the Check Out Page 
2014-09-10 17:35:28,845 INFO  [Log] Product Price for purchased product is found on the Check Out Page 
2014-09-10 17:35:28,911 INFO  [Log] Continue button is found on the Check Out Page 
2014-09-10 17:35:29,151 INFO  [Log] Email text box on Payment Details page is found. 
2014-09-10 17:35:29,796 INFO  [Log] Email text box on Payment Details page is found. 
2014-09-10 17:35:30,771 INFO  [Log] tooolsqa@gmail.com is entered as First Name on the Payment detail page 
2014-09-10 17:35:30,791 INFO  [Log] First Name text box on Payment Details page is found. 
2014-09-10 17:35:30,917 INFO  [Log] First Name text box on Payment Details page is found. 
2014-09-10 17:35:31,094 INFO  [Log] Lakshay is entered as First Name on the Payment detail page 
2014-09-10 17:35:31,114 INFO  [Log] Last Name text box on Payment Details page is found. 
2014-09-10 17:35:31,256 INFO  [Log] Last Name text box on Payment Details page is found. 
2014-09-10 17:35:31,463 INFO  [Log] Sharma is entered as Last Name on the Payment detail page 
2014-09-10 17:35:31,482 INFO  [Log] Address text box on Payment Details page is found. 
2014-09-10 17:35:31,818 INFO  [Log] Address text box on Payment Details page is found. 
2014-09-10 17:35:32,274 INFO  [Log] 35, Marconi House, Walker Road is entered as Address on the Payment detail page 
2014-09-10 17:35:32,297 INFO  [Log] City text box on Payment Details page is found. 
2014-09-10 17:35:32,379 INFO  [Log] City text box on Payment Details page is found. 
2014-09-10 17:35:32,559 INFO  [Log] Newcastle is entered as City on the Payment detail page 
2014-09-10 17:35:32,629 INFO  [Log] Country dropdown on Payment Details page is found. 
2014-09-10 17:35:32,747 INFO  [Log] United Kingdom is Selected as Country on the Payment detail page 
2014-09-10 17:35:32,769 INFO  [Log] Phone text box on Payment Details page is found. 
2014-09-10 17:35:32,859 INFO  [Log] Phone text box on Payment Details page is found. 
2014-09-10 17:35:33,058 INFO  [Log] 07777777777 is entered as Phone on the Payment detail page 
2014-09-10 17:35:33,084 INFO  [Log] Same as Billing address check box on Payment Details page is found. 
2014-09-10 17:35:33,127 INFO  [Log] Purchase button on Payment Details page is found. 
2014-09-10 17:35:39,956 INFO  [Log] Click action is performed on Purchase button on the Payment detail page 
2014-09-10 17:35:40,163 INFO  [Log] Product name is found on the Confirmation Page 
2014-09-10 17:35:40,344 INFO  [Log] Product price is found on the Confirmation Page 
2014-09-10 17:35:41,160 INFO  [Log] XXXXXXXXXXXXXXXXXXXXXXX             -E---N---D-             XXXXXXXXXXXXXXXXXXXXXX 
2014-09-10 17:35:41,160 INFO  [Log] X 
2014-09-10 17:35:41,160 INFO  [Log] X 
2014-09-10 17:35:41,160 INFO  [Log] X 
2014-09-10 17:35:41,160 INFO  [Log] X 
2014-09-11 17:08:52,396 INFO  [Log] **************************************************************************************** 
2014-09-11 17:08:52,426 INFO  [Log] **************************************************************************************** 
2014-09-11 17:08:52,426 INFO  [Log] $$$$$$$$$$$$$$$$$$$$$                 Framework_001       $$$$$$$$$$$$$$$$$$$$$$$$$ 
2014-09-11 17:08:52,426 INFO  [Log] **************************************************************************************** 
2014-09-11 17:08:52,426 INFO  [Log] **************************************************************************************** 
2014-09-11 17:08:54,326 INFO  [Log] Excel sheet opened 
2014-09-11 17:08:54,326 INFO  [Log] Total number of Row used return as < 2 >. 
